2020-01-13T02:18:31.522Z - normal: Load ~/.CocosCreator/settings.json
2020-01-13T02:18:31.611Z - normal: Initializing Asset Database
2020-01-13T02:18:31.633Z - normal: checking language setting...
2020-01-13T02:18:31.634Z - normal: Language: en
2020-01-13T02:18:33.204Z - success: preview server running at http://localhost:7456
2020-01-13T02:18:33.210Z - success: protocol editor-framework registered
2020-01-13T02:18:33.210Z - success: protocol app registered
2020-01-13T02:18:33.210Z - success: protocol theme registered
2020-01-13T02:18:33.211Z - success: protocol packages registered
2020-01-13T02:18:33.211Z - success: protocol uuid registerred
2020-01-13T02:18:33.211Z - success: protocol db registerred
2020-01-13T02:18:33.211Z - success: protocol thumbnail registerred
2020-01-13T02:18:33.211Z - success: protocol unpack registerred
2020-01-13T02:18:33.211Z - success: protocol disable-commonjs registerred
2020-01-13T02:18:33.630Z - normal: connected!
2020-01-13T02:18:33.632Z - normal: Check project D:\LAB\cocos\StellarCrush
2020-01-13T02:18:33.636Z - normal: Initializing project D:\LAB\cocos\StellarCrush
2020-01-13T02:18:33.823Z - success: adapters loaded
2020-01-13T02:18:33.828Z - success: asset-db-debugger loaded
2020-01-13T02:18:34.130Z - success: fb-audience-network loaded
2020-01-13T02:18:34.211Z - success: fb-live-stream loaded
2020-01-13T02:18:34.218Z - success: google-play-instant loaded
2020-01-13T02:18:34.251Z - success: huawei-runtime loaded
2020-01-13T02:18:34.253Z - success: jkw-adapter loaded
2020-01-13T02:18:34.270Z - success: jsb-adapter loaded
2020-01-13T02:18:34.310Z - success: oppo-runtime loaded
2020-01-13T02:18:34.315Z - success: package-manager loaded
2020-01-13T02:18:34.344Z - success: runtime-dev-tools loaded
2020-01-13T02:18:34.366Z - success: sdkbox loaded
2020-01-13T02:18:34.371Z - success: ui-kit-preview-extra loaded
2020-01-13T02:18:34.373Z - success: ui-kit-preview loaded
2020-01-13T02:18:34.425Z - success: vivo-runtime loaded
2020-01-13T02:18:34.443Z - success: alipay-minigame loaded
2020-01-13T02:18:34.547Z - success: assets loaded
2020-01-13T02:18:34.554Z - success: baidugame-opendata loaded
2020-01-13T02:18:34.558Z - success: baidugame loaded
2020-01-13T02:18:34.575Z - success: builder loaded
2020-01-13T02:18:35.219Z - success: cocos-services loaded
2020-01-13T02:18:35.224Z - success: console loaded
2020-01-13T02:18:35.241Z - success: fb-instant-games loaded
2020-01-13T02:18:35.243Z - success: game-window loaded
2020-01-13T02:18:35.245Z - success: google-instant-games loaded
2020-01-13T02:18:35.249Z - success: hierarchy loaded
2020-01-13T02:18:35.252Z - success: inspector loaded
2020-01-13T02:18:36.779Z - success: cpk-publish loaded
2020-01-13T02:18:36.812Z - success: keystore loaded
2020-01-13T02:18:36.830Z - success: node-library loaded
2020-01-13T02:18:36.832Z - success: open-recent-items loaded
2020-01-13T02:18:36.837Z - success: package-asset loaded
2020-01-13T02:18:36.839Z - success: preferences loaded
2020-01-13T02:18:36.842Z - success: project-exporter loaded
2020-01-13T02:18:36.846Z - success: project-importer loaded
2020-01-13T02:18:36.849Z - success: project-settings loaded
2020-01-13T02:18:36.855Z - success: scene loaded
2020-01-13T02:18:36.857Z - success: simulator-debugger loaded
2020-01-13T02:18:36.858Z - success: sprite-editor loaded
2020-01-13T02:18:36.861Z - success: store loaded
2020-01-13T02:18:36.864Z - success: timeline loaded
2020-01-13T02:18:36.872Z - success: wechatgame-opendata loaded
2020-01-13T02:18:36.889Z - success: wechatgame loaded
2020-01-13T02:18:36.894Z - success: xiaomi-runtime loaded
2020-01-13T02:18:38.571Z - info: Cocos Service load base data!
2020-01-13T02:18:39.607Z - normal: Initializing Cocos2d
2020-01-13T02:18:46.511Z - normal: Initializing engine extends
2020-01-13T02:18:51.962Z - normal: Loading packages
2020-01-13T02:18:51.973Z - normal: Watching packages
2020-01-13T02:18:53.021Z - normal: Run Application
2020-01-13T03:53:02.934Z - success: huawei-runtime unloaded
2020-01-13T03:53:02.991Z - success: huawei-runtime loaded
2020-01-13T03:53:03.041Z - success: huawei-runtime unloaded
2020-01-13T03:53:03.043Z - success: huawei-runtime loaded
2020-01-13T03:53:03.102Z - success: oppo-runtime unloaded
2020-01-13T03:53:03.184Z - success: oppo-runtime loaded
2020-01-13T03:53:03.259Z - success: oppo-runtime unloaded
2020-01-13T03:53:03.260Z - success: vivo-runtime unloaded
2020-01-13T03:53:03.306Z - success: oppo-runtime loaded
2020-01-13T03:53:03.306Z - success: vivo-runtime loaded
2020-01-13T03:53:03.356Z - success: vivo-runtime unloaded
2020-01-13T03:53:03.359Z - success: vivo-runtime loaded
2020-01-13T03:53:03.725Z - error: TypeError: B.project.save is not a function
    at eval (eval at s (D:\Program Files\CocosCreator\resources\app.asar\editor-framework\lib\renderer\ui\utils\resource-mgr.js:1:933), <anonymous>:1:12285)
    at EventEmitter.<anonymous> (D:\Program Files\CocosCreator\resources\app.asar\editor-framework\lib\renderer\ipc.js:1:3788)
    at EventEmitter.emit (events.js:194:13)
2020-01-13T03:53:18.165Z - normal: Start building with options : {
  "actualPlatform": "web-desktop",
  "android": {
    "packageName": "org.cocos2d.helloworld"
  },
  "android-instant": {
    "REMOTE_SERVER_ROOT": "",
    "host": "",
    "packageName": "org.cocos2d.helloworld",
    "pathPattern": "",
    "recordPath": "",
    "scheme": "https",
    "skipRecord": false
  },
  "apiLevel": "",
  "appABIs": [],
  "appBundle": false,
  "appKey": "",
  "appSecret": "",
  "buildPath": "D:\\LAB\\cocos\\StellarCrush\\build",
  "debug": false,
  "dest": "D:\\LAB\\cocos\\StellarCrush\\build\\web-desktop",
  "embedWebDebugger": false,
  "encryptJs": true,
  "excludeScenes": [],
  "excludedModules": [
    "Geom Utils",
    "3D",
    "3D Primitive"
  ],
  "fb-instant-games": {},
  "includeAnySDK": false,
  "includeSDKBox": false,
  "inlineSpriteFrames": true,
  "inlineSpriteFrames_native": true,
  "ios": {
    "packageName": "org.cocos2d.helloworld"
  },
  "jailbreakPlatform": false,
  "mac": {
    "packageName": "org.cocos2d.helloworld"
  },
  "md5Cache": true,
  "mergeStartScene": false,
  "oauthLoginServer": "",
  "optimizeHotUpdate": false,
  "orientation": {
    "landscapeLeft": true,
    "landscapeRight": true,
    "portrait": false,
    "upsideDown": false
  },
  "packageName": "org.cocos2d.helloworld",
  "platform": "web-desktop",
  "previewHeight": 720,
  "previewWidth": 1080,
  "privateKey": "",
  "qqplay": {
    "REMOTE_SERVER_ROOT": "",
    "orientation": "portrait"
  },
  "renderMode": "0",
  "scenes": [
    "63ecd9b3-fc55-40ca-8d95-363b96e4b16a",
    "2d2f792f-a40c-49bb-a189-ed176a246e49"
  ],
  "sourceMaps": false,
  "startScene": "63ecd9b3-fc55-40ca-8d95-363b96e4b16a",
  "template": "link",
  "title": "StellarCrush",
  "useDebugKeystore": true,
  "vsVersion": "auto",
  "webOrientation": "auto",
  "wechatgame": {
    "REMOTE_SERVER_ROOT": "",
    "appid": "wx6ac3f5090a6b99c5",
    "isSubdomain": false,
    "orientation": "portrait",
    "subContext": ""
  },
  "win32": {},
  "xxteaKey": "9e2e6340-c661-47",
  "zipCompressJs": true,
  "project": "D:\\LAB\\cocos\\StellarCrush",
  "projectName": "StellarCrush",
  "debugBuildWorker": false
}
2020-01-13T03:53:18.167Z - normal: Building D:\LAB\cocos\StellarCrush
2020-01-13T03:53:18.167Z - normal: Destination D:\LAB\cocos\StellarCrush\build\web-desktop
2020-01-13T03:53:19.503Z - normal: Delete D:\LAB\cocos\StellarCrush\build\web-desktop\subpackages/**/*,D:\LAB\cocos\StellarCrush\build\web-desktop\**\*
2020-01-13T03:53:29.900Z - normal: Start building assets
2020-01-13T03:53:29.900Z - normal: Start spawn build-worker
2020-01-13T03:53:30.950Z - normal: Finish spawn build-worker
2020-01-13T03:53:30.950Z - normal: Start init build-worker
2020-01-13T03:53:44.673Z - normal: Finish init build-worker
2020-01-13T03:53:44.673Z - normal: Start build-assets in worker
2020-01-13T03:53:50.924Z - normal: Finish build-assets in worker
2020-01-13T03:53:50.952Z - normal: Finish building assets
2020-01-13T03:53:51.002Z - normal: Start building plugin scripts
2020-01-13T03:53:51.115Z - normal: Generating main.js from D:\Program Files\CocosCreator\resources\static\build-templates\shares\main.js
2020-01-13T03:53:51.236Z - normal: Generating html from D:\Program Files\CocosCreator\resources\static\build-templates\web-desktop\template\index.html
2020-01-13T03:53:53.574Z - normal: Built to "D:\LAB\cocos\StellarCrush\build\web-desktop" successfully
2020-01-13T04:04:41.830Z - normal: Start building with options : {
  "actualPlatform": "web-desktop",
  "android": {
    "packageName": "org.cocos2d.helloworld"
  },
  "android-instant": {
    "REMOTE_SERVER_ROOT": "",
    "host": "",
    "packageName": "org.cocos2d.helloworld",
    "pathPattern": "",
    "recordPath": "",
    "scheme": "https",
    "skipRecord": false
  },
  "apiLevel": "",
  "appABIs": [],
  "appBundle": false,
  "appKey": "",
  "appSecret": "",
  "buildPath": "D:\\LAB\\cocos\\StellarCrush\\build",
  "debug": false,
  "dest": "D:\\LAB\\cocos\\StellarCrush\\build\\web-desktop",
  "embedWebDebugger": false,
  "encryptJs": true,
  "excludeScenes": [],
  "excludedModules": [
    "Geom Utils",
    "3D",
    "3D Primitive"
  ],
  "fb-instant-games": {},
  "includeAnySDK": false,
  "includeSDKBox": false,
  "inlineSpriteFrames": true,
  "inlineSpriteFrames_native": true,
  "ios": {
    "packageName": "org.cocos2d.helloworld"
  },
  "jailbreakPlatform": false,
  "mac": {
    "packageName": "org.cocos2d.helloworld"
  },
  "md5Cache": true,
  "mergeStartScene": false,
  "oauthLoginServer": "",
  "optimizeHotUpdate": false,
  "orientation": {
    "landscapeLeft": true,
    "landscapeRight": true,
    "portrait": false,
    "upsideDown": false
  },
  "packageName": "org.cocos2d.helloworld",
  "platform": "web-desktop",
  "previewHeight": 720,
  "previewWidth": 1080,
  "privateKey": "",
  "qqplay": {
    "REMOTE_SERVER_ROOT": "",
    "orientation": "portrait"
  },
  "renderMode": "0",
  "scenes": [
    "63ecd9b3-fc55-40ca-8d95-363b96e4b16a",
    "2d2f792f-a40c-49bb-a189-ed176a246e49"
  ],
  "sourceMaps": false,
  "startScene": "63ecd9b3-fc55-40ca-8d95-363b96e4b16a",
  "template": "link",
  "title": "StellarCrush",
  "useDebugKeystore": true,
  "vsVersion": "auto",
  "webOrientation": "auto",
  "wechatgame": {
    "REMOTE_SERVER_ROOT": "",
    "appid": "wx6ac3f5090a6b99c5",
    "isSubdomain": false,
    "orientation": "portrait",
    "subContext": ""
  },
  "win32": {},
  "xxteaKey": "9e2e6340-c661-47",
  "zipCompressJs": true,
  "project": "D:\\LAB\\cocos\\StellarCrush",
  "projectName": "StellarCrush",
  "debugBuildWorker": false
}
2020-01-13T04:04:41.831Z - normal: Building D:\LAB\cocos\StellarCrush
2020-01-13T04:04:41.832Z - normal: Destination D:\LAB\cocos\StellarCrush\build\web-desktop
2020-01-13T04:04:41.833Z - normal: Delete D:\LAB\cocos\StellarCrush\build\web-desktop\subpackages/**/*,D:\LAB\cocos\StellarCrush\build\web-desktop\**\*
2020-01-13T04:04:48.733Z - normal: Start building assets
2020-01-13T04:04:48.733Z - normal: Start spawn build-worker
2020-01-13T04:04:49.772Z - normal: Finish spawn build-worker
2020-01-13T04:04:49.772Z - normal: Start init build-worker
2020-01-13T04:04:57.496Z - normal: Finish init build-worker
2020-01-13T04:04:57.496Z - normal: Start build-assets in worker
2020-01-13T04:04:58.753Z - normal: Finish build-assets in worker
2020-01-13T04:04:58.760Z - normal: Finish building assets
2020-01-13T04:04:58.805Z - normal: Start building plugin scripts
2020-01-13T04:04:58.821Z - normal: Generating main.js from D:\Program Files\CocosCreator\resources\static\build-templates\shares\main.js
2020-01-13T04:04:58.832Z - normal: Generating html from D:\Program Files\CocosCreator\resources\static\build-templates\web-desktop\template\index.html
2020-01-13T04:05:00.806Z - normal: Built to "D:\LAB\cocos\StellarCrush\build\web-desktop" successfully
2020-01-13T04:05:17.993Z - normal: Start building with options : {
  "actualPlatform": "web-desktop",
  "android": {
    "packageName": "org.cocos2d.helloworld"
  },
  "android-instant": {
    "REMOTE_SERVER_ROOT": "",
    "host": "",
    "packageName": "org.cocos2d.helloworld",
    "pathPattern": "",
    "recordPath": "",
    "scheme": "https",
    "skipRecord": false
  },
  "apiLevel": "",
  "appABIs": [],
  "appBundle": false,
  "appKey": "",
  "appSecret": "",
  "buildPath": "D:\\LAB\\cocos\\StellarCrush\\build",
  "debug": false,
  "dest": "D:\\LAB\\cocos\\StellarCrush\\build\\web-desktop",
  "embedWebDebugger": false,
  "encryptJs": true,
  "excludeScenes": [],
  "excludedModules": [
    "Geom Utils",
    "3D",
    "3D Primitive"
  ],
  "fb-instant-games": {},
  "includeAnySDK": false,
  "includeSDKBox": false,
  "inlineSpriteFrames": true,
  "inlineSpriteFrames_native": true,
  "ios": {
    "packageName": "org.cocos2d.helloworld"
  },
  "jailbreakPlatform": false,
  "mac": {
    "packageName": "org.cocos2d.helloworld"
  },
  "md5Cache": true,
  "mergeStartScene": false,
  "oauthLoginServer": "",
  "optimizeHotUpdate": false,
  "orientation": {
    "landscapeLeft": true,
    "landscapeRight": true,
    "portrait": false,
    "upsideDown": false
  },
  "packageName": "org.cocos2d.helloworld",
  "platform": "web-desktop",
  "previewHeight": 740,
  "previewWidth": 1080,
  "privateKey": "",
  "qqplay": {
    "REMOTE_SERVER_ROOT": "",
    "orientation": "portrait"
  },
  "renderMode": "0",
  "scenes": [
    "63ecd9b3-fc55-40ca-8d95-363b96e4b16a",
    "2d2f792f-a40c-49bb-a189-ed176a246e49"
  ],
  "sourceMaps": false,
  "startScene": "63ecd9b3-fc55-40ca-8d95-363b96e4b16a",
  "template": "link",
  "title": "StellarCrush",
  "useDebugKeystore": true,
  "vsVersion": "auto",
  "webOrientation": "auto",
  "wechatgame": {
    "REMOTE_SERVER_ROOT": "",
    "appid": "wx6ac3f5090a6b99c5",
    "isSubdomain": false,
    "orientation": "portrait",
    "subContext": ""
  },
  "win32": {},
  "xxteaKey": "9e2e6340-c661-47",
  "zipCompressJs": true,
  "project": "D:\\LAB\\cocos\\StellarCrush",
  "projectName": "StellarCrush",
  "debugBuildWorker": false
}
2020-01-13T04:05:17.994Z - normal: Building D:\LAB\cocos\StellarCrush
2020-01-13T04:05:17.994Z - normal: Destination D:\LAB\cocos\StellarCrush\build\web-desktop
2020-01-13T04:05:17.994Z - normal: Delete D:\LAB\cocos\StellarCrush\build\web-desktop\subpackages/**/*,D:\LAB\cocos\StellarCrush\build\web-desktop\**\*
2020-01-13T04:05:22.141Z - normal: Start building assets
2020-01-13T04:05:22.141Z - normal: Start spawn build-worker
2020-01-13T04:05:23.133Z - normal: Finish spawn build-worker
2020-01-13T04:05:23.133Z - normal: Start init build-worker
2020-01-13T04:05:27.826Z - normal: Finish init build-worker
2020-01-13T04:05:27.827Z - normal: Start build-assets in worker
2020-01-13T04:05:29.502Z - normal: Finish build-assets in worker
2020-01-13T04:05:29.510Z - normal: Finish building assets
2020-01-13T04:05:29.558Z - normal: Start building plugin scripts
2020-01-13T04:05:29.581Z - normal: Generating main.js from D:\Program Files\CocosCreator\resources\static\build-templates\shares\main.js
2020-01-13T04:05:29.589Z - normal: Generating html from D:\Program Files\CocosCreator\resources\static\build-templates\web-desktop\template\index.html
2020-01-13T04:05:31.717Z - normal: Built to "D:\LAB\cocos\StellarCrush\build\web-desktop" successfully
2020-01-13T07:16:01.701Z - info: shutdown preview server
